<?xml version="1.0" encoding="UTF-8"?>
<testng-results skipped="0" failed="1" total="5" passed="4">
  <reporter-output>
    <line>
      <![CDATA[Currently running TC01 ]]>
    </line>
    <line>
      <![CDATA[Enter Valid User name ! ]]>
    </line>
    <line>
      <![CDATA[Enter Valid Password ! ]]>
    </line>
    <line>
      <![CDATA[Clicked Signed Button ! ]]>
    </line>
    <line>
      <![CDATA[Driver has been closed for TC01 !!! ]]>
    </line>
    <line>
      <![CDATA[Currently running TC02 ]]>
    </line>
    <line>
      <![CDATA[Enter InValid User Id !]]>
    </line>
    <line>
      <![CDATA[ Enter Valid User Pssword ! ]]>
    </line>
    <line>
      <![CDATA[Clicked Signed Button ! ]]>
    </line>
    <line>
      <![CDATA[Driver has been closed for TC02 !!! ]]>
    </line>
    <line>
      <![CDATA[Currently running TC03 ! ]]>
    </line>
    <line>
      <![CDATA[Enter Valid User name ! ]]>
    </line>
    <line>
      <![CDATA[Enter InValid User Password ! ]]>
    </line>
    <line>
      <![CDATA[Clicked Signed Button ! ]]>
    </line>
    <line>
      <![CDATA[Driver has been closed for TC03 !!! ]]>
    </line>
    <line>
      <![CDATA[Currently running TC04 ! ]]>
    </line>
    <line>
      <![CDATA[Enter InValid User Id !]]>
    </line>
    <line>
      <![CDATA[Enter InValid User Password !]]>
    </line>
    <line>
      <![CDATA[Clicked Signed Button ! ]]>
    </line>
    <line>
      <![CDATA[Driver has been closed for TC04 !!! ]]>
    </line>
    <line>
      <![CDATA[Currently running TC05 ]]>
    </line>
    <line>
      <![CDATA[Enter Valid User name ! ]]>
    </line>
    <line>
      <![CDATA[Enter Valid Password ! ]]>
    </line>
    <line>
      <![CDATA[Clicked Signed Button ! ]]>
    </line>
    <line>
      <![CDATA[Click New Customer Button ! ]]>
    </line>
    <line>
      <![CDATA[Enter  User name ! ]]>
    </line>
    <line>
      <![CDATA[Enter Valid Customer Gender ! ]]>
    </line>
    <line>
      <![CDATA[Enter Valid Customer Date Of Birth! ]]>
    </line>
    <line>
      <![CDATA[Enter Valid Customer Address ! ]]>
    </line>
    <line>
      <![CDATA[Enter Valid Customer City! ]]>
    </line>
    <line>
      <![CDATA[Enter Valid Customer State ! ]]>
    </line>
    <line>
      <![CDATA[Enter Valid Customer PIN ! ]]>
    </line>
    <line>
      <![CDATA[Enter Valid Customer MObile Number ! ]]>
    </line>
    <line>
      <![CDATA[Enter Customer Emial ! ]]>
    </line>
    <line>
      <![CDATA[Enter Valid Customer Passeord ! ]]>
    </line>
  </reporter-output>
  <suite name="Default suite" duration-ms="128261" started-at="2020-08-27T23:56:48Z" finished-at="2020-08-27T23:58:57Z">
    <groups>
    </groups>
    <test name="Default test" duration-ms="128261" started-at="2020-08-27T23:56:48Z" finished-at="2020-08-27T23:58:57Z">
      <class name="com.Guru99.BaseTest.Base$ValidateRegisterAccount">
        <test-method status="PASS" signature="initiateDriverInstance()[pri:0, instance:com.Guru99.BaseTest.Base$ValidateRegisterAccount@7ac7a4e4]" name="initiateDriverInstance" is-config="true" duration-ms="27014" started-at="2020-08-27T16:56:48Z" finished-at="2020-08-27T16:57:15Z">
          <reporter-output>
          </reporter-output>
        </test-method> <!-- initiateDriverInstance -->
        <test-method status="PASS" signature="UserLogin()[pri:1, instance:com.Guru99.BaseTest.Base$ValidateRegisterAccount@7ac7a4e4]" name="UserLogin" duration-ms="10383" started-at="2020-08-27T16:57:15Z" finished-at="2020-08-27T16:57:26Z">
          <reporter-output>
            <line>
              <![CDATA[Currently running TC01 ]]>
            </line>
            <line>
              <![CDATA[Enter Valid User name ! ]]>
            </line>
            <line>
              <![CDATA[Enter Valid Password ! ]]>
            </line>
            <line>
              <![CDATA[Clicked Signed Button ! ]]>
            </line>
            <line>
              <![CDATA[Driver has been closed for TC01 !!! ]]>
            </line>
          </reporter-output>
        </test-method> <!-- UserLogin -->
        <test-method status="PASS" signature="closeDriverInstance()[pri:0, instance:com.Guru99.BaseTest.Base$ValidateRegisterAccount@7ac7a4e4]" name="closeDriverInstance" is-config="true" duration-ms="4" started-at="2020-08-27T16:57:26Z" finished-at="2020-08-27T16:57:26Z">
          <reporter-output>
          </reporter-output>
        </test-method> <!-- closeDriverInstance -->
        <test-method status="PASS" signature="initiateDriverInstance()[pri:0, instance:com.Guru99.BaseTest.Base$ValidateRegisterAccount@7ac7a4e4]" name="initiateDriverInstance" is-config="true" duration-ms="14126" started-at="2020-08-27T16:57:26Z" finished-at="2020-08-27T16:57:40Z">
          <reporter-output>
          </reporter-output>
        </test-method> <!-- initiateDriverInstance -->
        <test-method status="PASS" signature="TC02()[pri:2, instance:com.Guru99.BaseTest.Base$ValidateRegisterAccount@7ac7a4e4]" name="TC02" duration-ms="4942" started-at="2020-08-27T16:57:40Z" finished-at="2020-08-27T16:57:45Z">
          <reporter-output>
            <line>
              <![CDATA[Currently running TC02 ]]>
            </line>
            <line>
              <![CDATA[Enter InValid User Id !]]>
            </line>
            <line>
              <![CDATA[ Enter Valid User Pssword ! ]]>
            </line>
            <line>
              <![CDATA[Clicked Signed Button ! ]]>
            </line>
            <line>
              <![CDATA[Driver has been closed for TC02 !!! ]]>
            </line>
          </reporter-output>
        </test-method> <!-- TC02 -->
        <test-method status="PASS" signature="closeDriverInstance()[pri:0, instance:com.Guru99.BaseTest.Base$ValidateRegisterAccount@7ac7a4e4]" name="closeDriverInstance" is-config="true" duration-ms="0" started-at="2020-08-27T16:57:45Z" finished-at="2020-08-27T16:57:45Z">
          <reporter-output>
          </reporter-output>
        </test-method> <!-- closeDriverInstance -->
        <test-method status="PASS" signature="initiateDriverInstance()[pri:0, instance:com.Guru99.BaseTest.Base$ValidateRegisterAccount@7ac7a4e4]" name="initiateDriverInstance" is-config="true" duration-ms="12791" started-at="2020-08-27T16:57:45Z" finished-at="2020-08-27T16:57:58Z">
          <reporter-output>
          </reporter-output>
        </test-method> <!-- initiateDriverInstance -->
        <test-method status="PASS" signature="TC03()[pri:3, instance:com.Guru99.BaseTest.Base$ValidateRegisterAccount@7ac7a4e4]" name="TC03" duration-ms="4073" started-at="2020-08-27T16:57:58Z" finished-at="2020-08-27T16:58:02Z">
          <reporter-output>
            <line>
              <![CDATA[Currently running TC03 ! ]]>
            </line>
            <line>
              <![CDATA[Enter Valid User name ! ]]>
            </line>
            <line>
              <![CDATA[Enter InValid User Password ! ]]>
            </line>
            <line>
              <![CDATA[Clicked Signed Button ! ]]>
            </line>
            <line>
              <![CDATA[Driver has been closed for TC03 !!! ]]>
            </line>
          </reporter-output>
        </test-method> <!-- TC03 -->
        <test-method status="PASS" signature="closeDriverInstance()[pri:0, instance:com.Guru99.BaseTest.Base$ValidateRegisterAccount@7ac7a4e4]" name="closeDriverInstance" is-config="true" duration-ms="2" started-at="2020-08-27T16:58:02Z" finished-at="2020-08-27T16:58:02Z">
          <reporter-output>
          </reporter-output>
        </test-method> <!-- closeDriverInstance -->
        <test-method status="PASS" signature="initiateDriverInstance()[pri:0, instance:com.Guru99.BaseTest.Base$ValidateRegisterAccount@7ac7a4e4]" name="initiateDriverInstance" is-config="true" duration-ms="16384" started-at="2020-08-27T16:58:02Z" finished-at="2020-08-27T16:58:18Z">
          <reporter-output>
          </reporter-output>
        </test-method> <!-- initiateDriverInstance -->
        <test-method status="PASS" signature="TC04()[pri:4, instance:com.Guru99.BaseTest.Base$ValidateRegisterAccount@7ac7a4e4]" name="TC04" duration-ms="4177" started-at="2020-08-27T16:58:18Z" finished-at="2020-08-27T16:58:22Z">
          <reporter-output>
            <line>
              <![CDATA[Currently running TC04 ! ]]>
            </line>
            <line>
              <![CDATA[Enter InValid User Id !]]>
            </line>
            <line>
              <![CDATA[Enter InValid User Password !]]>
            </line>
            <line>
              <![CDATA[Clicked Signed Button ! ]]>
            </line>
            <line>
              <![CDATA[Driver has been closed for TC04 !!! ]]>
            </line>
          </reporter-output>
        </test-method> <!-- TC04 -->
        <test-method status="PASS" signature="closeDriverInstance()[pri:0, instance:com.Guru99.BaseTest.Base$ValidateRegisterAccount@7ac7a4e4]" name="closeDriverInstance" is-config="true" duration-ms="0" started-at="2020-08-27T16:58:22Z" finished-at="2020-08-27T16:58:22Z">
          <reporter-output>
          </reporter-output>
        </test-method> <!-- closeDriverInstance -->
        <test-method status="PASS" signature="initiateDriverInstance()[pri:0, instance:com.Guru99.BaseTest.Base$ValidateRegisterAccount@7ac7a4e4]" name="initiateDriverInstance" is-config="true" duration-ms="13068" started-at="2020-08-27T16:58:22Z" finished-at="2020-08-27T16:58:35Z">
          <reporter-output>
          </reporter-output>
        </test-method> <!-- initiateDriverInstance -->
        <test-method status="FAIL" signature="TC05()[pri:5, instance:com.Guru99.BaseTest.Base$ValidateRegisterAccount@7ac7a4e4]" name="TC05" duration-ms="12980" started-at="2020-08-27T16:58:35Z" finished-at="2020-08-27T16:58:48Z">
          <exception class="java.lang.IllegalMonitorStateException">
            <full-stacktrace>
              <![CDATA[java.lang.IllegalMonitorStateException
	at java.lang.Object.wait(Native Method)
	at com.Guru99.BaseTest.Base$ValidateRegisterAccount.TC05(Base.java:245)
	at sun.reflect.NativeMethodAccessorImpl.invoke0(Native Method)
	at sun.reflect.NativeMethodAccessorImpl.invoke(Unknown Source)
	at sun.reflect.DelegatingMethodAccessorImpl.invoke(Unknown Source)
	at java.lang.reflect.Method.invoke(Unknown Source)
	at org.testng.internal.MethodInvocationHelper.invokeMethod(MethodInvocationHelper.java:85)
	at org.testng.internal.Invoker.invokeMethod(Invoker.java:639)
	at org.testng.internal.Invoker.invokeTestMethod(Invoker.java:816)
	at org.testng.internal.Invoker.invokeTestMethods(Invoker.java:1124)
	at org.testng.internal.TestMethodWorker.invokeTestMethods(TestMethodWorker.java:125)
	at org.testng.internal.TestMethodWorker.run(TestMethodWorker.java:108)
	at org.testng.TestRunner.privateRun(TestRunner.java:774)
	at org.testng.TestRunner.run(TestRunner.java:624)
	at org.testng.SuiteRunner.runTest(SuiteRunner.java:359)
	at org.testng.SuiteRunner.runSequentially(SuiteRunner.java:354)
	at org.testng.SuiteRunner.privateRun(SuiteRunner.java:312)
	at org.testng.SuiteRunner.run(SuiteRunner.java:261)
	at org.testng.SuiteRunnerWorker.runSuite(SuiteRunnerWorker.java:52)
	at org.testng.SuiteRunnerWorker.run(SuiteRunnerWorker.java:86)
	at org.testng.TestNG.runSuitesSequentially(TestNG.java:1215)
	at org.testng.TestNG.runSuitesLocally(TestNG.java:1140)
	at org.testng.TestNG.run(TestNG.java:1048)
	at org.testng.remote.AbstractRemoteTestNG.run(AbstractRemoteTestNG.java:114)
	at org.testng.remote.RemoteTestNG.initAndRun(RemoteTestNG.java:251)
	at org.testng.remote.RemoteTestNG.main(RemoteTestNG.java:77)
]]>
            </full-stacktrace>
          </exception> <!-- java.lang.IllegalMonitorStateException -->
          <reporter-output>
            <line>
              <![CDATA[Currently running TC05 ]]>
            </line>
            <line>
              <![CDATA[Enter Valid User name ! ]]>
            </line>
            <line>
              <![CDATA[Enter Valid Password ! ]]>
            </line>
            <line>
              <![CDATA[Clicked Signed Button ! ]]>
            </line>
            <line>
              <![CDATA[Click New Customer Button ! ]]>
            </line>
            <line>
              <![CDATA[Enter  User name ! ]]>
            </line>
            <line>
              <![CDATA[Enter Valid Customer Gender ! ]]>
            </line>
            <line>
              <![CDATA[Enter Valid Customer Date Of Birth! ]]>
            </line>
            <line>
              <![CDATA[Enter Valid Customer Address ! ]]>
            </line>
            <line>
              <![CDATA[Enter Valid Customer City! ]]>
            </line>
            <line>
              <![CDATA[Enter Valid Customer State ! ]]>
            </line>
            <line>
              <![CDATA[Enter Valid Customer PIN ! ]]>
            </line>
            <line>
              <![CDATA[Enter Valid Customer MObile Number ! ]]>
            </line>
            <line>
              <![CDATA[Enter Customer Emial ! ]]>
            </line>
            <line>
              <![CDATA[Enter Valid Customer Passeord ! ]]>
            </line>
          </reporter-output>
        </test-method> <!-- TC05 -->
        <test-method status="PASS" signature="closeDriverInstance()[pri:0, instance:com.Guru99.BaseTest.Base$ValidateRegisterAccount@7ac7a4e4]" name="closeDriverInstance" is-config="true" duration-ms="8213" started-at="2020-08-27T16:58:48Z" finished-at="2020-08-27T16:58:57Z">
          <reporter-output>
          </reporter-output>
        </test-method> <!-- closeDriverInstance -->
      </class> <!-- com.Guru99.BaseTest.Base$ValidateRegisterAccount -->
    </test> <!-- Default test -->
  </suite> <!-- Default suite -->
</testng-results>
